<?xml version="1.0" encoding="UTF-8"?>
<!-- Generated by org.testng.reporters.JUnitReportReporter -->
<testsuite hostname="LAPTOP-VCKMUA7G" failures="0" tests="8" name="com.sgtesting.testngscenairo1.Assignment3" time="41.129" errors="0" timestamp="2022-11-10T15:32:17 IST" skipped="0">
  <testcase classname="com.sgtesting.testngscenairo1.Assignment3" name="lanchDriver" time="1.984"/>
  <system-out/>
  <testcase classname="com.sgtesting.testngscenairo1.Assignment3" name="navigate" time="2.834"/>
  <system-out/>
  <testcase classname="com.sgtesting.testngscenairo1.Assignment3" name="login" time="3.249"/>
  <system-out/>
  <testcase classname="com.sgtesting.testngscenairo1.Assignment3" name="minimizeflywindow" time="5.065"/>
  <system-out/>
  <testcase classname="com.sgtesting.testngscenairo1.Assignment3" name="createcustomer" time="11.172"/>
  <system-out/>
  <testcase classname="com.sgtesting.testngscenairo1.Assignment3" name="deletecustomer" time="16.582"/>
  <system-out/>
  <testcase classname="com.sgtesting.testngscenairo1.Assignment3" name="logout" time="0.081"/>
  <system-out/>
  <testcase classname="com.sgtesting.testngscenairo1.Assignment3" name="closeApplication" time="0.162"/>
  <system-out/>
</testsuite> <!-- com.sgtesting.testngscenairo1.Assignment3 -->
