<?xml version="1.0" encoding="UTF-8"?>
<!-- Generated by org.testng.reporters.JUnitReportReporter -->
<testsuite hostname="LAPTOP-VCKMUA7G" failures="0" tests="9" name="com.sgtesting.testngscenairo1.Assignment2" time="20.739" errors="0" timestamp="2022-11-10T21:41:04 IST" skipped="0">
  <testcase classname="com.sgtesting.testngscenairo1.Assignment2" name="lanchDriver" time="2.123"/>
  <system-out/>
  <testcase classname="com.sgtesting.testngscenairo1.Assignment2" name="navigate" time="2.637"/>
  <system-out/>
  <testcase classname="com.sgtesting.testngscenairo1.Assignment2" name="login" time="4.232"/>
  <system-out/>
  <testcase classname="com.sgtesting.testngscenairo1.Assignment2" name="minimizeflywindow" time="0.037"/>
  <system-out/>
  <testcase classname="com.sgtesting.testngscenairo1.Assignment2" name="createuser" time="4.425"/>
  <system-out/>
  <testcase classname="com.sgtesting.testngscenairo1.Assignment2" name="modifyuser" time="5.942"/>
  <system-out/>
  <testcase classname="com.sgtesting.testngscenairo1.Assignment2" name="deleteuser" time="1.133"/>
  <system-out/>
  <testcase classname="com.sgtesting.testngscenairo1.Assignment2" name="logout" time="0.064"/>
  <system-out/>
  <testcase classname="com.sgtesting.testngscenairo1.Assignment2" name="closeApplication" time="0.146"/>
  <system-out/>
</testsuite> <!-- com.sgtesting.testngscenairo1.Assignment2 -->
