<?xml version="1.0" encoding="UTF-8"?>
<!-- Generated by org.testng.reporters.JUnitReportReporter -->
<testsuite hostname="LAPTOP-VCKMUA7G" failures="0" tests="12" name="com.sgtesting.tests.Assignment7" time="124.847" errors="0" timestamp="2022-11-10T23:14:49 IST" skipped="0">
  <testcase classname="com.sgtesting.tests.Assignment7" name="lanchDriver" time="1.672"/>
  <system-out/>
  <testcase classname="com.sgtesting.tests.Assignment7" name="navigate" time="2.576"/>
  <system-out/>
  <testcase classname="com.sgtesting.tests.Assignment7" name="login" time="5.217"/>
  <system-out/>
  <testcase classname="com.sgtesting.tests.Assignment7" name="minimizeflywindow" time="2.121"/>
  <system-out/>
  <testcase classname="com.sgtesting.tests.Assignment7" name="createcustomer" time="10.707"/>
  <system-out/>
  <testcase classname="com.sgtesting.tests.Assignment7" name="createproject" time="16.465"/>
  <system-out/>
  <testcase classname="com.sgtesting.tests.Assignment7" name="createtask" time="17.500"/>
  <system-out/>
  <testcase classname="com.sgtesting.tests.Assignment7" name="deletetask" time="15.441"/>
  <system-out/>
  <testcase classname="com.sgtesting.tests.Assignment7" name="deleteproject" time="20.379"/>
  <system-out/>
  <testcase classname="com.sgtesting.tests.Assignment7" name="deletecustomer" time="16.503"/>
  <system-out/>
  <testcase classname="com.sgtesting.tests.Assignment7" name="logout" time="0.043"/>
  <system-out/>
  <testcase classname="com.sgtesting.tests.Assignment7" name="closeApplication" time="16.223"/>
  <system-out/>
</testsuite> <!-- com.sgtesting.tests.Assignment7 -->
