<?xml version="1.0" encoding="UTF-8"?>
<!-- Generated by org.testng.reporters.JUnitReportReporter -->
<testsuite hostname="LAPTOP-VCKMUA7G" failures="0" tests="6" name="com.sgtesting.testngscenairo1.LoginLogoutDemo" time="7.932" errors="0" timestamp="2022-11-09T11:37:03 IST" skipped="0">
  <testcase classname="com.sgtesting.testngscenairo1.LoginLogoutDemo" name="launchBrowser" time="2.728"/>
  <system-out/>
  <testcase classname="com.sgtesting.testngscenairo1.LoginLogoutDemo" name="navigate" time="4.910"/>
  <system-out/>
  <testcase classname="com.sgtesting.testngscenairo1.LoginLogoutDemo" name="login" time="0.038"/>
  <system-out/>
  <testcase classname="com.sgtesting.testngscenairo1.LoginLogoutDemo" name="minimizeFlyOutwindow" time="0.033"/>
  <system-out/>
  <testcase classname="com.sgtesting.testngscenairo1.LoginLogoutDemo" name="logout" time="0.034"/>
  <system-out/>
  <testcase classname="com.sgtesting.testngscenairo1.LoginLogoutDemo" name="closeApp" time="0.189"/>
  <system-out/>
</testsuite> <!-- com.sgtesting.testngscenairo1.LoginLogoutDemo -->
