<?xml version="1.0" encoding="UTF-8"?>
<!-- Generated by org.testng.reporters.JUnitReportReporter -->
<testsuite hostname="LAPTOP-VCKMUA7G" failures="0" tests="12" name="com.sgtesting.testngscenairo1.Assignment7" time="124.967" errors="0" timestamp="2022-11-10T23:34:44 IST" skipped="0">
  <testcase classname="com.sgtesting.testngscenairo1.Assignment7" name="lanchDriver" time="1.667"/>
  <system-out/>
  <testcase classname="com.sgtesting.testngscenairo1.Assignment7" name="navigate" time="2.607"/>
  <system-out/>
  <testcase classname="com.sgtesting.testngscenairo1.Assignment7" name="login" time="5.255"/>
  <system-out/>
  <testcase classname="com.sgtesting.testngscenairo1.Assignment7" name="minimizeflywindow" time="2.142"/>
  <system-out/>
  <testcase classname="com.sgtesting.testngscenairo1.Assignment7" name="createcustomer" time="10.678"/>
  <system-out/>
  <testcase classname="com.sgtesting.testngscenairo1.Assignment7" name="createproject" time="16.469"/>
  <system-out/>
  <testcase classname="com.sgtesting.testngscenairo1.Assignment7" name="createtask" time="17.562"/>
  <system-out/>
  <testcase classname="com.sgtesting.testngscenairo1.Assignment7" name="deletetask" time="15.444"/>
  <system-out/>
  <testcase classname="com.sgtesting.testngscenairo1.Assignment7" name="deleteproject" time="20.360"/>
  <system-out/>
  <testcase classname="com.sgtesting.testngscenairo1.Assignment7" name="deletecustomer" time="16.435"/>
  <system-out/>
  <testcase classname="com.sgtesting.testngscenairo1.Assignment7" name="logout" time="0.067"/>
  <system-out/>
  <testcase classname="com.sgtesting.testngscenairo1.Assignment7" name="closeApplication" time="16.281"/>
  <system-out/>
</testsuite> <!-- com.sgtesting.testngscenairo1.Assignment7 -->
