<?xml version="1.0" encoding="UTF-8"?>
<!-- Generated by org.testng.reporters.JUnitReportReporter -->
<testsuite hostname="LAPTOP-VCKMUA7G" failures="0" tests="12" name="com.sgtesting.scenario.Assignment7" time="124.665" errors="0" timestamp="2022-11-13T12:44:31 IST" skipped="0">
  <testcase classname="com.sgtesting.scenario.Assignment7" name="lanchDriver" time="0.681"/>
  <system-out/>
  <testcase classname="com.sgtesting.scenario.Assignment7" name="navigate" time="2.598"/>
  <system-out/>
  <testcase classname="com.sgtesting.scenario.Assignment7" name="login" time="5.261"/>
  <system-out/>
  <testcase classname="com.sgtesting.scenario.Assignment7" name="minimizeflywindow" time="2.173"/>
  <system-out/>
  <testcase classname="com.sgtesting.scenario.Assignment7" name="createcustomer" time="10.739"/>
  <system-out/>
  <testcase classname="com.sgtesting.scenario.Assignment7" name="createproject" time="16.588"/>
  <system-out/>
  <testcase classname="com.sgtesting.scenario.Assignment7" name="createtask" time="17.695"/>
  <system-out/>
  <testcase classname="com.sgtesting.scenario.Assignment7" name="deletetask" time="15.535"/>
  <system-out/>
  <testcase classname="com.sgtesting.scenario.Assignment7" name="deleteproject" time="20.500"/>
  <system-out/>
  <testcase classname="com.sgtesting.scenario.Assignment7" name="deletecustomer" time="16.573"/>
  <system-out/>
  <testcase classname="com.sgtesting.scenario.Assignment7" name="logout" time="0.058"/>
  <system-out/>
  <testcase classname="com.sgtesting.scenario.Assignment7" name="closeApplication" time="16.264"/>
  <system-out/>
</testsuite> <!-- com.sgtesting.scenario.Assignment7 -->
