<?xml version="1.0" encoding="UTF-8"?>
<!-- Generated by org.testng.reporters.JUnitReportReporter -->
<testsuite hostname="LAPTOP-VCKMUA7G" failures="0" tests="9" name="com.sgtesting.scenario.Assignment2" time="23.711" errors="0" timestamp="2022-11-13T12:44:31 IST" skipped="0">
  <testcase classname="com.sgtesting.scenario.Assignment2" name="lanchDriver" time="4.054"/>
  <system-out/>
  <testcase classname="com.sgtesting.scenario.Assignment2" name="navigate" time="3.493"/>
  <system-out/>
  <testcase classname="com.sgtesting.scenario.Assignment2" name="login" time="4.374"/>
  <system-out/>
  <testcase classname="com.sgtesting.scenario.Assignment2" name="minimizeflywindow" time="0.038"/>
  <system-out/>
  <testcase classname="com.sgtesting.scenario.Assignment2" name="createuser" time="4.545"/>
  <system-out/>
  <testcase classname="com.sgtesting.scenario.Assignment2" name="modifyuser" time="5.906"/>
  <system-out/>
  <testcase classname="com.sgtesting.scenario.Assignment2" name="deleteuser" time="1.095"/>
  <system-out/>
  <testcase classname="com.sgtesting.scenario.Assignment2" name="logout" time="0.071"/>
  <system-out/>
  <testcase classname="com.sgtesting.scenario.Assignment2" name="closeApplication" time="0.135"/>
  <system-out/>
</testsuite> <!-- com.sgtesting.scenario.Assignment2 -->
