<?xml version="1.0" encoding="UTF-8"?>
<!-- Generated by org.testng.reporters.JUnitReportReporter -->
<testsuite hostname="LAPTOP-VCKMUA7G" failures="0" tests="3" name="com.sgtesting.testcases.Users" time="0.009" errors="0" timestamp="2022-11-10T12:31:38 IST" skipped="0">
  <testcase classname="com.sgtesting.testcases.Users" name="modifyUser" time="0.002"/>
  <system-out/>
  <testcase classname="com.sgtesting.testcases.Users" name="deleteUser" time="0.001"/>
  <system-out/>
  <testcase classname="com.sgtesting.testcases.Users" name="createUser" time="0.006"/>
  <system-out/>
</testsuite> <!-- com.sgtesting.testcases.Users -->
