<?xml version="1.0" encoding="UTF-8"?>
<!-- Generated by org.testng.reporters.JUnitReportReporter -->
<testsuite hostname="LAPTOP-VCKMUA7G" failures="0" tests="6" name="com.sgtesting.scenario.LoginLogoutDemo" time="0.019" errors="0" timestamp="2022-11-13T12:44:31 IST" skipped="0">
  <testcase classname="com.sgtesting.scenario.LoginLogoutDemo" name="launchBrowser" time="0.008"/>
  <system-out/>
  <testcase classname="com.sgtesting.scenario.LoginLogoutDemo" name="navigate" time="0.002"/>
  <system-out/>
  <testcase classname="com.sgtesting.scenario.LoginLogoutDemo" name="login" time="0.002"/>
  <system-out/>
  <testcase classname="com.sgtesting.scenario.LoginLogoutDemo" name="minimizeFlyOutwindow" time="0.002"/>
  <system-out/>
  <testcase classname="com.sgtesting.scenario.LoginLogoutDemo" name="logout" time="0.003"/>
  <system-out/>
  <testcase classname="com.sgtesting.scenario.LoginLogoutDemo" name="closeApp" time="0.002"/>
  <system-out/>
</testsuite> <!-- com.sgtesting.scenario.LoginLogoutDemo -->
