<?xml version="1.0" encoding="UTF-8"?>
<!-- Generated by org.testng.reporters.JUnitReportReporter -->
<testsuite hostname="LAPTOP-VCKMUA7G" failures="0" tests="8" name="com.sgtesting.scenario.Assignment3" time="39.202" errors="0" timestamp="2022-11-13T12:44:31 IST" skipped="0">
  <testcase classname="com.sgtesting.scenario.Assignment3" name="lanchDriver" time="0.650"/>
  <system-out/>
  <testcase classname="com.sgtesting.scenario.Assignment3" name="navigate" time="2.675"/>
  <system-out/>
  <testcase classname="com.sgtesting.scenario.Assignment3" name="login" time="3.201"/>
  <system-out/>
  <testcase classname="com.sgtesting.scenario.Assignment3" name="minimizeflywindow" time="5.101"/>
  <system-out/>
  <testcase classname="com.sgtesting.scenario.Assignment3" name="createcustomer" time="10.783"/>
  <system-out/>
  <testcase classname="com.sgtesting.scenario.Assignment3" name="deletecustomer" time="16.621"/>
  <system-out/>
  <testcase classname="com.sgtesting.scenario.Assignment3" name="logout" time="0.055"/>
  <system-out/>
  <testcase classname="com.sgtesting.scenario.Assignment3" name="closeApplication" time="0.116"/>
  <system-out/>
</testsuite> <!-- com.sgtesting.scenario.Assignment3 -->
