<?xml version="1.0" encoding="UTF-8"?>
<!-- Generated by org.testng.reporters.JUnitReportReporter -->
<testsuite hostname="DESKTOP-NNGQNDK" failures="0" tests="3" name="com.sgtesting.parameters.Users" time="0.009" errors="0" timestamp="2022-11-08T09:14:07 IST" skipped="0">
  <testcase classname="com.sgtesting.parameters.Users" name="deleteUser" time="0.002"/>
  <system-out/>
  <testcase classname="com.sgtesting.parameters.Users" name="createUser" time="0.005"/>
  <system-out/>
  <testcase classname="com.sgtesting.parameters.Users" name="modifyUser" time="0.002"/>
  <system-out/>
</testsuite> <!-- com.sgtesting.parameters.Users -->
