<?xml version="1.0" encoding="UTF-8"?>
<!-- Generated by org.testng.reporters.JUnitReportReporter -->
<testsuite hostname="DESKTOP-NNGQNDK" failures="0" tests="3" name="com.sgtesting.users.Users" time="0.010" errors="0" timestamp="2022-11-08T08:56:21 IST" skipped="0">
  <testcase classname="com.sgtesting.users.Users" name="deleteUser" time="0.004"/>
  <system-out/>
  <testcase classname="com.sgtesting.users.Users" name="createUser" time="0.005"/>
  <system-out/>
  <testcase classname="com.sgtesting.users.Users" name="modifyUser" time="0.001"/>
  <system-out/>
</testsuite> <!-- com.sgtesting.users.Users -->
